{"C:\\00 Planets game\\PlanetGame\\planet_game\\src\\rng.ts": {"path":"C:\\00 Planets game\\PlanetGame\\planet_game\\src\\rng.ts","all":false,"statementMap":{"0":{"start":{"line":1,"column":0},"end":{"line":1,"column":53}},"1":{"start":{"line":2,"column":0},"end":{"line":2,"column":53}},"2":{"start":{"line":3,"column":0},"end":{"line":3,"column":2}},"3":{"start":{"line":4,"column":0},"end":{"line":4,"column":0}},"4":{"start":{"line":5,"column":0},"end":{"line":5,"column":29}}},"s":{"0":1,"1":0,"2":0,"3":1,"4":1},"branchMap":{},"b":{},"fnMap":{"0":{"name":"randomInRange","decl":{"start":{"line":1,"column":22},"end":{"line":3,"column":2}},"loc":{"start":{"line":1,"column":22},"end":{"line":3,"column":2}},"line":1}},"f":{"0":0}}
,"C:\\00 Planets game\\PlanetGame\\planet_game\\src\\API\\Attributes.ts": {"path":"C:\\00 Planets game\\PlanetGame\\planet_game\\src\\API\\Attributes.ts","all":false,"statementMap":{"0":{"start":{"line":1,"column":0},"end":{"line":1,"column":26}},"1":{"start":{"line":2,"column":0},"end":{"line":2,"column":0}},"2":{"start":{"line":3,"column":0},"end":{"line":3,"column":25}},"3":{"start":{"line":4,"column":0},"end":{"line":4,"column":15}},"4":{"start":{"line":5,"column":0},"end":{"line":5,"column":1}},"5":{"start":{"line":6,"column":0},"end":{"line":6,"column":0}},"6":{"start":{"line":7,"column":0},"end":{"line":7,"column":35}},"7":{"start":{"line":8,"column":0},"end":{"line":8,"column":73}},"8":{"start":{"line":9,"column":0},"end":{"line":9,"column":18}},"9":{"start":{"line":10,"column":0},"end":{"line":10,"column":2}},"10":{"start":{"line":11,"column":0},"end":{"line":11,"column":0}},"11":{"start":{"line":12,"column":0},"end":{"line":12,"column":29}}},"s":{"0":1,"1":1,"2":1,"3":1,"4":1,"5":1,"6":1,"7":3,"8":3,"9":3,"10":1,"11":1},"branchMap":{"0":{"type":"branch","line":7,"loc":{"start":{"line":7,"column":22},"end":{"line":10,"column":2}},"locations":[{"start":{"line":7,"column":22},"end":{"line":10,"column":2}}]}},"b":{"0":[3]},"fnMap":{"0":{"name":"getAttributes","decl":{"start":{"line":7,"column":22},"end":{"line":10,"column":2}},"loc":{"start":{"line":7,"column":22},"end":{"line":10,"column":2}},"line":7}},"f":{"0":3}}
,"C:\\00 Planets game\\PlanetGame\\planet_game\\src\\API\\getAllDetails.ts": {"path":"C:\\00 Planets game\\PlanetGame\\planet_game\\src\\API\\getAllDetails.ts","all":false,"statementMap":{"0":{"start":{"line":1,"column":0},"end":{"line":1,"column":26}},"1":{"start":{"line":2,"column":0},"end":{"line":2,"column":0}},"2":{"start":{"line":3,"column":0},"end":{"line":3,"column":58}},"3":{"start":{"line":4,"column":0},"end":{"line":4,"column":71}},"4":{"start":{"line":5,"column":0},"end":{"line":5,"column":21}},"5":{"start":{"line":6,"column":0},"end":{"line":6,"column":5}},"6":{"start":{"line":7,"column":0},"end":{"line":7,"column":30}},"7":{"start":{"line":8,"column":0},"end":{"line":8,"column":13}},"8":{"start":{"line":9,"column":0},"end":{"line":9,"column":2}},"9":{"start":{"line":10,"column":0},"end":{"line":10,"column":0}},"10":{"start":{"line":11,"column":0},"end":{"line":11,"column":50}},"11":{"start":{"line":12,"column":0},"end":{"line":12,"column":51}},"12":{"start":{"line":13,"column":0},"end":{"line":13,"column":69}},"13":{"start":{"line":14,"column":0},"end":{"line":14,"column":50}},"14":{"start":{"line":15,"column":0},"end":{"line":15,"column":11}},"15":{"start":{"line":16,"column":0},"end":{"line":16,"column":2}},"16":{"start":{"line":17,"column":0},"end":{"line":17,"column":0}},"17":{"start":{"line":18,"column":0},"end":{"line":18,"column":26}}},"s":{"0":1,"1":1,"2":1,"3":0,"4":0,"5":0,"6":0,"7":0,"8":0,"9":1,"10":1,"11":0,"12":0,"13":0,"14":0,"15":0,"16":1,"17":1},"branchMap":{},"b":{},"fnMap":{"0":{"name":"postDetailsRequest","decl":{"start":{"line":3,"column":27},"end":{"line":9,"column":2}},"loc":{"start":{"line":3,"column":27},"end":{"line":9,"column":2}},"line":3},"1":{"name":"allDetails","decl":{"start":{"line":11,"column":19},"end":{"line":16,"column":2}},"loc":{"start":{"line":11,"column":19},"end":{"line":16,"column":2}},"line":11}},"f":{"0":0,"1":0}}
,"C:\\00 Planets game\\PlanetGame\\planet_game\\src\\API\\getPlanetNames.ts": {"path":"C:\\00 Planets game\\PlanetGame\\planet_game\\src\\API\\getPlanetNames.ts","all":false,"statementMap":{"0":{"start":{"line":1,"column":0},"end":{"line":1,"column":26}},"1":{"start":{"line":2,"column":0},"end":{"line":2,"column":0}},"2":{"start":{"line":3,"column":0},"end":{"line":3,"column":30}},"3":{"start":{"line":4,"column":0},"end":{"line":4,"column":63}},"4":{"start":{"line":5,"column":0},"end":{"line":5,"column":32}},"5":{"start":{"line":6,"column":0},"end":{"line":6,"column":11}},"6":{"start":{"line":7,"column":0},"end":{"line":7,"column":2}},"7":{"start":{"line":8,"column":0},"end":{"line":8,"column":0}},"8":{"start":{"line":9,"column":0},"end":{"line":9,"column":24}}},"s":{"0":1,"1":1,"2":1,"3":5,"4":3,"5":3,"6":3,"7":1,"8":1},"branchMap":{"0":{"type":"branch","line":3,"loc":{"start":{"line":3,"column":17},"end":{"line":7,"column":2}},"locations":[{"start":{"line":3,"column":17},"end":{"line":7,"column":2}}]},"1":{"type":"branch","line":4,"loc":{"start":{"line":4,"column":61},"end":{"line":7,"column":2}},"locations":[{"start":{"line":4,"column":61},"end":{"line":7,"column":2}}]}},"b":{"0":[5],"1":[3]},"fnMap":{"0":{"name":"getNames","decl":{"start":{"line":3,"column":17},"end":{"line":7,"column":2}},"loc":{"start":{"line":3,"column":17},"end":{"line":7,"column":2}},"line":3}},"f":{"0":5}}
,"C:\\00 Planets game\\PlanetGame\\planet_game\\src\\Components\\Centre\\CentredScreen.tsx": {"path":"C:\\00 Planets game\\PlanetGame\\planet_game\\src\\Components\\Centre\\CentredScreen.tsx","all":false,"statementMap":{"0":{"start":{"line":1,"column":0},"end":{"line":1,"column":34}},"1":{"start":{"line":2,"column":0},"end":{"line":2,"column":0}},"2":{"start":{"line":3,"column":0},"end":{"line":3,"column":67}},"3":{"start":{"line":4,"column":0},"end":{"line":4,"column":10}},"4":{"start":{"line":5,"column":0},"end":{"line":5,"column":6}},"5":{"start":{"line":6,"column":0},"end":{"line":6,"column":73}},"6":{"start":{"line":7,"column":0},"end":{"line":7,"column":18}},"7":{"start":{"line":8,"column":0},"end":{"line":8,"column":12}},"8":{"start":{"line":9,"column":0},"end":{"line":9,"column":7}},"9":{"start":{"line":10,"column":0},"end":{"line":10,"column":4}},"10":{"start":{"line":11,"column":0},"end":{"line":11,"column":2}},"11":{"start":{"line":12,"column":0},"end":{"line":12,"column":0}},"12":{"start":{"line":13,"column":0},"end":{"line":13,"column":29}}},"s":{"0":1,"1":1,"2":1,"3":7,"4":7,"5":7,"6":7,"7":7,"8":7,"9":7,"10":7,"11":1,"12":1},"branchMap":{"0":{"type":"branch","line":3,"loc":{"start":{"line":3,"column":22},"end":{"line":11,"column":2}},"locations":[{"start":{"line":3,"column":22},"end":{"line":11,"column":2}}]}},"b":{"0":[7]},"fnMap":{"0":{"name":"CentredScreen","decl":{"start":{"line":3,"column":22},"end":{"line":11,"column":2}},"loc":{"start":{"line":3,"column":22},"end":{"line":11,"column":2}},"line":3}},"f":{"0":7}}
,"C:\\00 Planets game\\PlanetGame\\planet_game\\src\\Components\\CustomButton\\CustomButton.tsx": {"path":"C:\\00 Planets game\\PlanetGame\\planet_game\\src\\Components\\CustomButton\\CustomButton.tsx","all":false,"statementMap":{"0":{"start":{"line":1,"column":0},"end":{"line":1,"column":26}},"1":{"start":{"line":2,"column":0},"end":{"line":2,"column":0}},"2":{"start":{"line":3,"column":0},"end":{"line":3,"column":28}},"3":{"start":{"line":4,"column":0},"end":{"line":4,"column":0}},"4":{"start":{"line":5,"column":0},"end":{"line":5,"column":17}},"5":{"start":{"line":6,"column":0},"end":{"line":6,"column":29}},"6":{"start":{"line":7,"column":0},"end":{"line":7,"column":15}},"7":{"start":{"line":8,"column":0},"end":{"line":8,"column":22}},"8":{"start":{"line":9,"column":0},"end":{"line":9,"column":1}},"9":{"start":{"line":10,"column":0},"end":{"line":10,"column":0}},"10":{"start":{"line":11,"column":0},"end":{"line":11,"column":72}},"11":{"start":{"line":12,"column":0},"end":{"line":12,"column":10}},"12":{"start":{"line":13,"column":0},"end":{"line":13,"column":59}},"13":{"start":{"line":14,"column":0},"end":{"line":14,"column":16}},"14":{"start":{"line":15,"column":0},"end":{"line":15,"column":13}},"15":{"start":{"line":16,"column":0},"end":{"line":16,"column":4}},"16":{"start":{"line":17,"column":0},"end":{"line":17,"column":2}},"17":{"start":{"line":18,"column":0},"end":{"line":18,"column":0}},"18":{"start":{"line":19,"column":0},"end":{"line":19,"column":28}}},"s":{"0":1,"1":1,"2":1,"3":1,"4":1,"5":1,"6":1,"7":1,"8":1,"9":1,"10":1,"11":7,"12":7,"13":7,"14":7,"15":7,"16":7,"17":1,"18":1},"branchMap":{"0":{"type":"branch","line":11,"loc":{"start":{"line":11,"column":38},"end":{"line":17,"column":2}},"locations":[{"start":{"line":11,"column":38},"end":{"line":17,"column":2}}]}},"b":{"0":[7]},"fnMap":{"0":{"name":"CustomButton","decl":{"start":{"line":11,"column":38},"end":{"line":17,"column":2}},"loc":{"start":{"line":11,"column":38},"end":{"line":17,"column":2}},"line":11}},"f":{"0":7}}
,"C:\\00 Planets game\\PlanetGame\\planet_game\\src\\Components\\Info\\info.tsx": {"path":"C:\\00 Planets game\\PlanetGame\\planet_game\\src\\Components\\Info\\info.tsx","all":false,"statementMap":{"0":{"start":{"line":1,"column":0},"end":{"line":1,"column":26}},"1":{"start":{"line":2,"column":0},"end":{"line":2,"column":0}},"2":{"start":{"line":3,"column":0},"end":{"line":3,"column":20}},"3":{"start":{"line":4,"column":0},"end":{"line":4,"column":0}},"4":{"start":{"line":5,"column":0},"end":{"line":5,"column":17}},"5":{"start":{"line":6,"column":0},"end":{"line":6,"column":29}},"6":{"start":{"line":7,"column":0},"end":{"line":7,"column":1}},"7":{"start":{"line":8,"column":0},"end":{"line":8,"column":0}},"8":{"start":{"line":9,"column":0},"end":{"line":9,"column":48}},"9":{"start":{"line":10,"column":0},"end":{"line":10,"column":10}},"10":{"start":{"line":11,"column":0},"end":{"line":11,"column":9}},"11":{"start":{"line":12,"column":0},"end":{"line":12,"column":16}},"12":{"start":{"line":13,"column":0},"end":{"line":13,"column":10}},"13":{"start":{"line":14,"column":0},"end":{"line":14,"column":4}},"14":{"start":{"line":15,"column":0},"end":{"line":15,"column":2}},"15":{"start":{"line":16,"column":0},"end":{"line":16,"column":0}},"16":{"start":{"line":17,"column":0},"end":{"line":17,"column":20}}},"s":{"0":1,"1":1,"2":1,"3":1,"4":1,"5":1,"6":1,"7":1,"8":1,"9":0,"10":0,"11":0,"12":0,"13":0,"14":0,"15":1,"16":1},"branchMap":{},"b":{},"fnMap":{"0":{"name":"Info","decl":{"start":{"line":9,"column":30},"end":{"line":15,"column":2}},"loc":{"start":{"line":9,"column":30},"end":{"line":15,"column":2}},"line":9}},"f":{"0":0}}
,"C:\\00 Planets game\\PlanetGame\\planet_game\\src\\Components\\NavBar\\NavBar.tsx": {"path":"C:\\00 Planets game\\PlanetGame\\planet_game\\src\\Components\\NavBar\\NavBar.tsx","all":false,"statementMap":{"0":{"start":{"line":1,"column":0},"end":{"line":1,"column":34}},"1":{"start":{"line":2,"column":0},"end":{"line":2,"column":22}},"2":{"start":{"line":3,"column":0},"end":{"line":3,"column":0}},"3":{"start":{"line":4,"column":0},"end":{"line":4,"column":17}},"4":{"start":{"line":5,"column":0},"end":{"line":5,"column":8}},"5":{"start":{"line":6,"column":0},"end":{"line":6,"column":10}},"6":{"start":{"line":7,"column":0},"end":{"line":7,"column":11}},"7":{"start":{"line":8,"column":0},"end":{"line":8,"column":4}},"8":{"start":{"line":9,"column":0},"end":{"line":9,"column":17}},"9":{"start":{"line":10,"column":0},"end":{"line":10,"column":19}},"10":{"start":{"line":11,"column":0},"end":{"line":11,"column":23}},"11":{"start":{"line":12,"column":0},"end":{"line":12,"column":7}},"12":{"start":{"line":13,"column":0},"end":{"line":13,"column":10}},"13":{"start":{"line":14,"column":0},"end":{"line":14,"column":6}},"14":{"start":{"line":15,"column":0},"end":{"line":15,"column":27}},"15":{"start":{"line":16,"column":0},"end":{"line":16,"column":15}},"16":{"start":{"line":17,"column":0},"end":{"line":17,"column":25}},"17":{"start":{"line":18,"column":0},"end":{"line":18,"column":17}},"18":{"start":{"line":19,"column":0},"end":{"line":19,"column":16}},"19":{"start":{"line":20,"column":0},"end":{"line":20,"column":57}},"20":{"start":{"line":21,"column":0},"end":{"line":21,"column":18}},"21":{"start":{"line":22,"column":0},"end":{"line":22,"column":32}},"22":{"start":{"line":23,"column":0},"end":{"line":23,"column":19}},"23":{"start":{"line":24,"column":0},"end":{"line":24,"column":18}},"24":{"start":{"line":25,"column":0},"end":{"line":25,"column":32}},"25":{"start":{"line":26,"column":0},"end":{"line":26,"column":19}},"26":{"start":{"line":27,"column":0},"end":{"line":27,"column":17}},"27":{"start":{"line":28,"column":0},"end":{"line":28,"column":18}},"28":{"start":{"line":29,"column":0},"end":{"line":29,"column":16}},"29":{"start":{"line":30,"column":0},"end":{"line":30,"column":12}},"30":{"start":{"line":31,"column":0},"end":{"line":31,"column":7}},"31":{"start":{"line":32,"column":0},"end":{"line":32,"column":4}},"32":{"start":{"line":33,"column":0},"end":{"line":33,"column":2}},"33":{"start":{"line":34,"column":0},"end":{"line":34,"column":0}},"34":{"start":{"line":35,"column":0},"end":{"line":35,"column":22}}},"s":{"0":1,"1":1,"2":1,"3":1,"4":7,"5":7,"6":7,"7":7,"8":7,"9":7,"10":7,"11":7,"12":7,"13":7,"14":7,"15":7,"16":7,"17":7,"18":7,"19":7,"20":7,"21":7,"22":7,"23":7,"24":7,"25":7,"26":7,"27":7,"28":7,"29":7,"30":7,"31":7,"32":7,"33":1,"34":1},"branchMap":{"0":{"type":"branch","line":4,"loc":{"start":{"line":4,"column":15},"end":{"line":33,"column":2}},"locations":[{"start":{"line":4,"column":15},"end":{"line":33,"column":2}}]}},"b":{"0":[7]},"fnMap":{"0":{"name":"NavBar","decl":{"start":{"line":4,"column":15},"end":{"line":33,"column":2}},"loc":{"start":{"line":4,"column":15},"end":{"line":33,"column":2}},"line":4}},"f":{"0":7}}
,"C:\\00 Planets game\\PlanetGame\\planet_game\\src\\Components\\QuestionGenerator\\QuestionGenerator.ts": {"path":"C:\\00 Planets game\\PlanetGame\\planet_game\\src\\Components\\QuestionGenerator\\QuestionGenerator.ts","all":false,"statementMap":{"0":{"start":{"line":1,"column":0},"end":{"line":1,"column":49}},"1":{"start":{"line":2,"column":0},"end":{"line":2,"column":49}},"2":{"start":{"line":3,"column":0},"end":{"line":3,"column":54}},"3":{"start":{"line":4,"column":0},"end":{"line":4,"column":38}},"4":{"start":{"line":5,"column":0},"end":{"line":5,"column":38}},"5":{"start":{"line":6,"column":0},"end":{"line":6,"column":0}},"6":{"start":{"line":7,"column":0},"end":{"line":7,"column":56}},"7":{"start":{"line":8,"column":0},"end":{"line":8,"column":44}},"8":{"start":{"line":9,"column":0},"end":{"line":9,"column":42}},"9":{"start":{"line":10,"column":0},"end":{"line":10,"column":17}},"10":{"start":{"line":11,"column":0},"end":{"line":11,"column":67}},"11":{"start":{"line":12,"column":0},"end":{"line":12,"column":3}},"12":{"start":{"line":13,"column":0},"end":{"line":13,"column":58}},"13":{"start":{"line":14,"column":0},"end":{"line":14,"column":29}},"14":{"start":{"line":15,"column":0},"end":{"line":15,"column":2}},"15":{"start":{"line":16,"column":0},"end":{"line":16,"column":0}},"16":{"start":{"line":17,"column":0},"end":{"line":17,"column":40}},"17":{"start":{"line":18,"column":0},"end":{"line":18,"column":47}},"18":{"start":{"line":19,"column":0},"end":{"line":19,"column":53}},"19":{"start":{"line":20,"column":0},"end":{"line":20,"column":80}},"20":{"start":{"line":21,"column":0},"end":{"line":21,"column":19}},"21":{"start":{"line":22,"column":0},"end":{"line":22,"column":2}},"22":{"start":{"line":23,"column":0},"end":{"line":23,"column":0}},"23":{"start":{"line":24,"column":0},"end":{"line":24,"column":67}},"24":{"start":{"line":25,"column":0},"end":{"line":25,"column":75}},"25":{"start":{"line":26,"column":0},"end":{"line":26,"column":10}},"26":{"start":{"line":27,"column":0},"end":{"line":27,"column":4}},"27":{"start":{"line":28,"column":0},"end":{"line":28,"column":39}},"28":{"start":{"line":29,"column":0},"end":{"line":29,"column":2}},"29":{"start":{"line":30,"column":0},"end":{"line":30,"column":0}},"30":{"start":{"line":31,"column":0},"end":{"line":31,"column":58}},"31":{"start":{"line":32,"column":0},"end":{"line":32,"column":74}},"32":{"start":{"line":33,"column":0},"end":{"line":33,"column":43}},"33":{"start":{"line":34,"column":0},"end":{"line":34,"column":47}},"34":{"start":{"line":35,"column":0},"end":{"line":35,"column":15}},"35":{"start":{"line":36,"column":0},"end":{"line":36,"column":0}},"36":{"start":{"line":37,"column":0},"end":{"line":37,"column":26}},"37":{"start":{"line":38,"column":0},"end":{"line":38,"column":43}},"38":{"start":{"line":39,"column":0},"end":{"line":39,"column":49}},"39":{"start":{"line":40,"column":0},"end":{"line":40,"column":64}},"40":{"start":{"line":41,"column":0},"end":{"line":41,"column":32}},"41":{"start":{"line":42,"column":0},"end":{"line":42,"column":30}},"42":{"start":{"line":43,"column":0},"end":{"line":43,"column":0}},"43":{"start":{"line":44,"column":0},"end":{"line":44,"column":43}},"44":{"start":{"line":45,"column":0},"end":{"line":45,"column":59}},"45":{"start":{"line":46,"column":0},"end":{"line":46,"column":70}},"46":{"start":{"line":47,"column":0},"end":{"line":47,"column":41}},"47":{"start":{"line":48,"column":0},"end":{"line":48,"column":34}},"48":{"start":{"line":49,"column":0},"end":{"line":49,"column":5}},"49":{"start":{"line":50,"column":0},"end":{"line":50,"column":0}},"50":{"start":{"line":51,"column":0},"end":{"line":51,"column":90}},"51":{"start":{"line":52,"column":0},"end":{"line":52,"column":45}},"52":{"start":{"line":53,"column":0},"end":{"line":53,"column":75}},"53":{"start":{"line":54,"column":0},"end":{"line":54,"column":58}},"54":{"start":{"line":55,"column":0},"end":{"line":55,"column":0}},"55":{"start":{"line":56,"column":0},"end":{"line":56,"column":25}},"56":{"start":{"line":57,"column":0},"end":{"line":57,"column":29}},"57":{"start":{"line":58,"column":0},"end":{"line":58,"column":32}},"58":{"start":{"line":59,"column":0},"end":{"line":59,"column":30}},"59":{"start":{"line":60,"column":0},"end":{"line":60,"column":6}},"60":{"start":{"line":61,"column":0},"end":{"line":61,"column":26}},"61":{"start":{"line":62,"column":0},"end":{"line":62,"column":3}},"62":{"start":{"line":63,"column":0},"end":{"line":63,"column":23}},"63":{"start":{"line":64,"column":0},"end":{"line":64,"column":2}},"64":{"start":{"line":65,"column":0},"end":{"line":65,"column":0}},"65":{"start":{"line":66,"column":0},"end":{"line":66,"column":27}}},"s":{"0":1,"1":1,"2":1,"3":1,"4":1,"5":1,"6":1,"7":2,"8":2,"9":0,"10":0,"11":0,"12":0,"13":0,"14":0,"15":1,"16":1,"17":0,"18":0,"19":0,"20":0,"21":0,"22":1,"23":1,"24":0,"25":0,"26":0,"27":0,"28":0,"29":1,"30":1,"31":2,"32":2,"33":2,"34":2,"35":2,"36":2,"37":2,"38":0,"39":0,"40":0,"41":0,"42":0,"43":0,"44":0,"45":0,"46":0,"47":0,"48":0,"49":0,"50":0,"51":0,"52":0,"53":0,"54":0,"55":0,"56":0,"57":0,"58":0,"59":0,"60":0,"61":0,"62":0,"63":0,"64":1,"65":1},"branchMap":{"0":{"type":"branch","line":7,"loc":{"start":{"line":7,"column":24},"end":{"line":15,"column":2}},"locations":[{"start":{"line":7,"column":24},"end":{"line":15,"column":2}}]},"1":{"type":"branch","line":9,"loc":{"start":{"line":9,"column":40},"end":{"line":15,"column":2}},"locations":[{"start":{"line":9,"column":40},"end":{"line":15,"column":2}}]},"2":{"type":"branch","line":31,"loc":{"start":{"line":31,"column":24},"end":{"line":64,"column":2}},"locations":[{"start":{"line":31,"column":24},"end":{"line":64,"column":2}}]},"3":{"type":"branch","line":38,"loc":{"start":{"line":38,"column":41},"end":{"line":64,"column":2}},"locations":[{"start":{"line":38,"column":41},"end":{"line":64,"column":2}}]}},"b":{"0":[2],"1":[0],"2":[2],"3":[0]},"fnMap":{"0":{"name":"getRandomPlanet","decl":{"start":{"line":7,"column":24},"end":{"line":15,"column":2}},"loc":{"start":{"line":7,"column":24},"end":{"line":15,"column":2}},"line":7},"1":{"name":"getRandomAttribute","decl":{"start":{"line":17,"column":27},"end":{"line":22,"column":2}},"loc":{"start":{"line":17,"column":27},"end":{"line":22,"column":2}},"line":17},"2":{"name":"getAttribute","decl":{"start":{"line":24,"column":21},"end":{"line":29,"column":2}},"loc":{"start":{"line":24,"column":21},"end":{"line":29,"column":2}},"line":24},"3":{"name":"newQuestionDeck","decl":{"start":{"line":31,"column":24},"end":{"line":64,"column":2}},"loc":{"start":{"line":31,"column":24},"end":{"line":64,"column":2}},"line":31}},"f":{"0":2,"1":0,"2":0,"3":2}}
,"C:\\00 Planets game\\PlanetGame\\planet_game\\src\\Components\\QuestionText\\QuestionText.tsx": {"path":"C:\\00 Planets game\\PlanetGame\\planet_game\\src\\Components\\QuestionText\\QuestionText.tsx","all":false,"statementMap":{"0":{"start":{"line":1,"column":0},"end":{"line":1,"column":34}},"1":{"start":{"line":2,"column":0},"end":{"line":2,"column":28}},"2":{"start":{"line":3,"column":0},"end":{"line":3,"column":0}},"3":{"start":{"line":4,"column":0},"end":{"line":4,"column":63}},"4":{"start":{"line":5,"column":0},"end":{"line":5,"column":10}},"5":{"start":{"line":6,"column":0},"end":{"line":6,"column":6}},"6":{"start":{"line":7,"column":0},"end":{"line":7,"column":29}},"7":{"start":{"line":8,"column":0},"end":{"line":8,"column":27}},"8":{"start":{"line":9,"column":0},"end":{"line":9,"column":12}},"9":{"start":{"line":10,"column":0},"end":{"line":10,"column":7}},"10":{"start":{"line":11,"column":0},"end":{"line":11,"column":4}},"11":{"start":{"line":12,"column":0},"end":{"line":12,"column":1}},"12":{"start":{"line":13,"column":0},"end":{"line":13,"column":0}},"13":{"start":{"line":14,"column":0},"end":{"line":14,"column":28}}},"s":{"0":1,"1":1,"2":1,"3":2,"4":2,"5":2,"6":2,"7":2,"8":2,"9":2,"10":2,"11":2,"12":1,"13":1},"branchMap":{"0":{"type":"branch","line":4,"loc":{"start":{"line":4,"column":0},"end":{"line":12,"column":1}},"locations":[{"start":{"line":4,"column":0},"end":{"line":12,"column":1}}]}},"b":{"0":[2]},"fnMap":{"0":{"name":"QuestionText","decl":{"start":{"line":4,"column":0},"end":{"line":12,"column":1}},"loc":{"start":{"line":4,"column":0},"end":{"line":12,"column":1}},"line":4}},"f":{"0":2}}
,"C:\\00 Planets game\\PlanetGame\\planet_game\\src\\Components\\Search\\Search.tsx": {"path":"C:\\00 Planets game\\PlanetGame\\planet_game\\src\\Components\\Search\\Search.tsx","all":false,"statementMap":{"0":{"start":{"line":1,"column":0},"end":{"line":1,"column":33}},"1":{"start":{"line":2,"column":0},"end":{"line":2,"column":22}},"2":{"start":{"line":3,"column":0},"end":{"line":3,"column":0}},"3":{"start":{"line":4,"column":0},"end":{"line":4,"column":17}},"4":{"start":{"line":5,"column":0},"end":{"line":5,"column":19}},"5":{"start":{"line":6,"column":0},"end":{"line":6,"column":12}},"6":{"start":{"line":7,"column":0},"end":{"line":7,"column":16}},"7":{"start":{"line":8,"column":0},"end":{"line":8,"column":4}},"8":{"start":{"line":9,"column":0},"end":{"line":9,"column":28}},"9":{"start":{"line":10,"column":0},"end":{"line":10,"column":22}},"10":{"start":{"line":11,"column":0},"end":{"line":11,"column":40}},"11":{"start":{"line":12,"column":0},"end":{"line":12,"column":7}},"12":{"start":{"line":13,"column":0},"end":{"line":13,"column":102}},"13":{"start":{"line":14,"column":0},"end":{"line":14,"column":50}},"14":{"start":{"line":15,"column":0},"end":{"line":15,"column":62}},"15":{"start":{"line":16,"column":0},"end":{"line":16,"column":0}},"16":{"start":{"line":17,"column":0},"end":{"line":17,"column":107}},"17":{"start":{"line":18,"column":0},"end":{"line":18,"column":44}},"18":{"start":{"line":19,"column":0},"end":{"line":19,"column":21}},"19":{"start":{"line":20,"column":0},"end":{"line":20,"column":37}},"20":{"start":{"line":21,"column":0},"end":{"line":21,"column":58}},"21":{"start":{"line":22,"column":0},"end":{"line":22,"column":8}},"22":{"start":{"line":23,"column":0},"end":{"line":23,"column":7}},"23":{"start":{"line":24,"column":0},"end":{"line":24,"column":34}},"24":{"start":{"line":25,"column":0},"end":{"line":25,"column":4}},"25":{"start":{"line":26,"column":0},"end":{"line":26,"column":29}},"26":{"start":{"line":27,"column":0},"end":{"line":27,"column":84}},"27":{"start":{"line":28,"column":0},"end":{"line":28,"column":50}},"28":{"start":{"line":29,"column":0},"end":{"line":29,"column":25}},"29":{"start":{"line":30,"column":0},"end":{"line":30,"column":17}},"30":{"start":{"line":31,"column":0},"end":{"line":31,"column":4}},"31":{"start":{"line":32,"column":0},"end":{"line":32,"column":0}},"32":{"start":{"line":33,"column":0},"end":{"line":33,"column":79}},"33":{"start":{"line":34,"column":0},"end":{"line":34,"column":45}},"34":{"start":{"line":35,"column":0},"end":{"line":35,"column":46}},"35":{"start":{"line":36,"column":0},"end":{"line":36,"column":0}},"36":{"start":{"line":37,"column":0},"end":{"line":37,"column":92}},"37":{"start":{"line":38,"column":0},"end":{"line":38,"column":52}},"38":{"start":{"line":39,"column":0},"end":{"line":39,"column":12}},"39":{"start":{"line":40,"column":0},"end":{"line":40,"column":41}},"40":{"start":{"line":41,"column":0},"end":{"line":41,"column":11}},"41":{"start":{"line":42,"column":0},"end":{"line":42,"column":58}},"42":{"start":{"line":43,"column":0},"end":{"line":43,"column":73}},"43":{"start":{"line":44,"column":0},"end":{"line":44,"column":9}},"44":{"start":{"line":45,"column":0},"end":{"line":45,"column":16}},"45":{"start":{"line":46,"column":0},"end":{"line":46,"column":18}},"46":{"start":{"line":47,"column":0},"end":{"line":47,"column":12}},"47":{"start":{"line":48,"column":0},"end":{"line":48,"column":6}},"48":{"start":{"line":49,"column":0},"end":{"line":49,"column":5}},"49":{"start":{"line":50,"column":0},"end":{"line":50,"column":0}},"50":{"start":{"line":51,"column":0},"end":{"line":51,"column":45}},"51":{"start":{"line":52,"column":0},"end":{"line":52,"column":10}},"52":{"start":{"line":53,"column":0},"end":{"line":53,"column":6}},"53":{"start":{"line":54,"column":0},"end":{"line":54,"column":30}},"54":{"start":{"line":55,"column":0},"end":{"line":55,"column":34}},"55":{"start":{"line":56,"column":0},"end":{"line":56,"column":16}},"56":{"start":{"line":57,"column":0},"end":{"line":57,"column":23}},"57":{"start":{"line":58,"column":0},"end":{"line":58,"column":57}},"58":{"start":{"line":59,"column":0},"end":{"line":59,"column":59}},"59":{"start":{"line":60,"column":0},"end":{"line":60,"column":19}},"60":{"start":{"line":61,"column":0},"end":{"line":61,"column":25}},"61":{"start":{"line":62,"column":0},"end":{"line":62,"column":14}},"62":{"start":{"line":63,"column":0},"end":{"line":63,"column":12}},"63":{"start":{"line":64,"column":0},"end":{"line":64,"column":7}},"64":{"start":{"line":65,"column":0},"end":{"line":65,"column":4}},"65":{"start":{"line":66,"column":0},"end":{"line":66,"column":2}},"66":{"start":{"line":67,"column":0},"end":{"line":67,"column":0}},"67":{"start":{"line":68,"column":0},"end":{"line":68,"column":22}}},"s":{"0":1,"1":1,"2":1,"3":1,"4":2,"5":2,"6":2,"7":2,"8":2,"9":2,"10":2,"11":2,"12":2,"13":2,"14":2,"15":2,"16":2,"17":2,"18":0,"19":0,"20":0,"21":0,"22":0,"23":0,"24":0,"25":2,"26":2,"27":2,"28":0,"29":0,"30":0,"31":2,"32":2,"33":2,"34":2,"35":2,"36":2,"37":2,"38":4,"39":4,"40":4,"41":4,"42":4,"43":4,"44":4,"45":4,"46":4,"47":4,"48":2,"49":2,"50":2,"51":2,"52":2,"53":2,"54":2,"55":2,"56":2,"57":2,"58":2,"59":2,"60":2,"61":2,"62":2,"63":2,"64":2,"65":2,"66":1,"67":1},"branchMap":{"0":{"type":"branch","line":4,"loc":{"start":{"line":4,"column":15},"end":{"line":66,"column":2}},"locations":[{"start":{"line":4,"column":15},"end":{"line":66,"column":2}}]},"1":{"type":"branch","line":58,"loc":{"start":{"line":58,"column":25},"end":{"line":58,"column":57}},"locations":[{"start":{"line":58,"column":25},"end":{"line":58,"column":57}}]},"2":{"type":"branch","line":38,"loc":{"start":{"line":38,"column":41},"end":{"line":49,"column":3}},"locations":[{"start":{"line":38,"column":41},"end":{"line":49,"column":3}}]},"3":{"type":"branch","line":42,"loc":{"start":{"line":42,"column":28},"end":{"line":42,"column":49}},"locations":[{"start":{"line":42,"column":28},"end":{"line":42,"column":49}}]}},"b":{"0":[2],"1":[0],"2":[4],"3":[0]},"fnMap":{"0":{"name":"Search","decl":{"start":{"line":4,"column":15},"end":{"line":66,"column":2}},"loc":{"start":{"line":4,"column":15},"end":{"line":66,"column":2}},"line":4},"1":{"name":"typingHandler","decl":{"start":{"line":18,"column":24},"end":{"line":25,"column":4}},"loc":{"start":{"line":18,"column":24},"end":{"line":25,"column":4}},"line":18},"2":{"name":"submitChoiceHandler","decl":{"start":{"line":28,"column":30},"end":{"line":31,"column":4}},"loc":{"start":{"line":28,"column":30},"end":{"line":31,"column":4}},"line":28},"3":{"name":"doShowList","decl":{"start":{"line":34,"column":21},"end":{"line":34,"column":45}},"loc":{"start":{"line":34,"column":21},"end":{"line":34,"column":45}},"line":34},"4":{"name":"doHideList","decl":{"start":{"line":35,"column":21},"end":{"line":35,"column":46}},"loc":{"start":{"line":35,"column":21},"end":{"line":35,"column":46}},"line":35},"5":{"name":"onClick","decl":{"start":{"line":43,"column":19},"end":{"line":43,"column":73}},"loc":{"start":{"line":43,"column":19},"end":{"line":43,"column":73}},"line":43},"6":{"name":"onChange","decl":{"start":{"line":59,"column":22},"end":{"line":59,"column":59}},"loc":{"start":{"line":59,"column":22},"end":{"line":59,"column":59}},"line":59}},"f":{"0":2,"1":0,"2":0,"3":0,"4":0,"5":0,"6":0}}
,"C:\\00 Planets game\\PlanetGame\\planet_game\\src\\Pages\\LearnScreen\\LearnScreen.tsx": {"path":"C:\\00 Planets game\\PlanetGame\\planet_game\\src\\Pages\\LearnScreen\\LearnScreen.tsx","all":false,"statementMap":{"0":{"start":{"line":1,"column":0},"end":{"line":1,"column":31}},"1":{"start":{"line":2,"column":0},"end":{"line":2,"column":66}},"2":{"start":{"line":3,"column":0},"end":{"line":3,"column":52}},"3":{"start":{"line":4,"column":0},"end":{"line":4,"column":70}},"4":{"start":{"line":5,"column":0},"end":{"line":5,"column":47}},"5":{"start":{"line":6,"column":0},"end":{"line":6,"column":52}},"6":{"start":{"line":7,"column":0},"end":{"line":7,"column":46}},"7":{"start":{"line":8,"column":0},"end":{"line":8,"column":54}},"8":{"start":{"line":9,"column":0},"end":{"line":9,"column":44}},"9":{"start":{"line":10,"column":0},"end":{"line":10,"column":49}},"10":{"start":{"line":11,"column":0},"end":{"line":11,"column":49}},"11":{"start":{"line":12,"column":0},"end":{"line":12,"column":27}},"12":{"start":{"line":13,"column":0},"end":{"line":13,"column":0}},"13":{"start":{"line":14,"column":0},"end":{"line":14,"column":27}},"14":{"start":{"line":15,"column":0},"end":{"line":15,"column":54}},"15":{"start":{"line":16,"column":0},"end":{"line":16,"column":28}},"16":{"start":{"line":17,"column":0},"end":{"line":17,"column":18}},"17":{"start":{"line":18,"column":0},"end":{"line":18,"column":76}},"18":{"start":{"line":19,"column":0},"end":{"line":19,"column":8}},"19":{"start":{"line":20,"column":0},"end":{"line":20,"column":4}},"20":{"start":{"line":21,"column":0},"end":{"line":21,"column":63}},"21":{"start":{"line":22,"column":0},"end":{"line":22,"column":51}},"22":{"start":{"line":23,"column":0},"end":{"line":23,"column":47}},"23":{"start":{"line":24,"column":0},"end":{"line":24,"column":0}},"24":{"start":{"line":25,"column":0},"end":{"line":25,"column":14}},"25":{"start":{"line":26,"column":0},"end":{"line":26,"column":33}},"26":{"start":{"line":27,"column":0},"end":{"line":27,"column":24}},"27":{"start":{"line":28,"column":0},"end":{"line":28,"column":18}},"28":{"start":{"line":29,"column":0},"end":{"line":29,"column":4}},"29":{"start":{"line":30,"column":0},"end":{"line":30,"column":0}},"30":{"start":{"line":31,"column":0},"end":{"line":31,"column":19}},"31":{"start":{"line":32,"column":0},"end":{"line":32,"column":19}},"32":{"start":{"line":33,"column":0},"end":{"line":33,"column":20}},"33":{"start":{"line":34,"column":0},"end":{"line":34,"column":9}},"34":{"start":{"line":35,"column":0},"end":{"line":35,"column":0}},"35":{"start":{"line":36,"column":0},"end":{"line":36,"column":37}},"36":{"start":{"line":37,"column":0},"end":{"line":37,"column":41}},"37":{"start":{"line":38,"column":0},"end":{"line":38,"column":0}},"38":{"start":{"line":39,"column":0},"end":{"line":39,"column":26}},"39":{"start":{"line":40,"column":0},"end":{"line":40,"column":0}},"40":{"start":{"line":41,"column":0},"end":{"line":41,"column":24}},"41":{"start":{"line":42,"column":0},"end":{"line":42,"column":4}},"42":{"start":{"line":43,"column":0},"end":{"line":43,"column":0}},"43":{"start":{"line":44,"column":0},"end":{"line":44,"column":35}},"44":{"start":{"line":45,"column":0},"end":{"line":45,"column":0}},"45":{"start":{"line":46,"column":0},"end":{"line":46,"column":43}},"46":{"start":{"line":47,"column":0},"end":{"line":47,"column":30}},"47":{"start":{"line":48,"column":0},"end":{"line":48,"column":4}},"48":{"start":{"line":49,"column":0},"end":{"line":49,"column":0}},"49":{"start":{"line":50,"column":0},"end":{"line":50,"column":40}},"50":{"start":{"line":51,"column":0},"end":{"line":51,"column":55}},"51":{"start":{"line":52,"column":0},"end":{"line":52,"column":36}},"52":{"start":{"line":53,"column":0},"end":{"line":53,"column":4}},"53":{"start":{"line":54,"column":0},"end":{"line":54,"column":0}},"54":{"start":{"line":55,"column":0},"end":{"line":55,"column":19}},"55":{"start":{"line":56,"column":0},"end":{"line":56,"column":28}},"56":{"start":{"line":57,"column":0},"end":{"line":57,"column":23}},"57":{"start":{"line":58,"column":0},"end":{"line":58,"column":13}},"58":{"start":{"line":59,"column":0},"end":{"line":59,"column":2}},"59":{"start":{"line":60,"column":0},"end":{"line":60,"column":10}},"60":{"start":{"line":61,"column":0},"end":{"line":61,"column":6}},"61":{"start":{"line":62,"column":0},"end":{"line":62,"column":11}},"62":{"start":{"line":63,"column":0},"end":{"line":63,"column":36}},"63":{"start":{"line":64,"column":0},"end":{"line":64,"column":54}},"64":{"start":{"line":65,"column":0},"end":{"line":65,"column":16}},"65":{"start":{"line":66,"column":0},"end":{"line":66,"column":25}},"66":{"start":{"line":67,"column":0},"end":{"line":67,"column":17}},"67":{"start":{"line":68,"column":0},"end":{"line":68,"column":23}},"68":{"start":{"line":69,"column":0},"end":{"line":69,"column":31}},"69":{"start":{"line":70,"column":0},"end":{"line":70,"column":26}},"70":{"start":{"line":71,"column":0},"end":{"line":71,"column":31}},"71":{"start":{"line":72,"column":0},"end":{"line":72,"column":17}},"72":{"start":{"line":73,"column":0},"end":{"line":73,"column":21}},"73":{"start":{"line":74,"column":0},"end":{"line":74,"column":39}},"74":{"start":{"line":75,"column":0},"end":{"line":75,"column":54}},"75":{"start":{"line":76,"column":0},"end":{"line":76,"column":57}},"76":{"start":{"line":77,"column":0},"end":{"line":77,"column":24}},"77":{"start":{"line":78,"column":0},"end":{"line":78,"column":14}},"78":{"start":{"line":79,"column":0},"end":{"line":79,"column":16}},"79":{"start":{"line":80,"column":0},"end":{"line":80,"column":24}},"80":{"start":{"line":81,"column":0},"end":{"line":81,"column":13}},"81":{"start":{"line":82,"column":0},"end":{"line":82,"column":49}},"82":{"start":{"line":83,"column":0},"end":{"line":83,"column":33}},"83":{"start":{"line":84,"column":0},"end":{"line":84,"column":34}},"84":{"start":{"line":85,"column":0},"end":{"line":85,"column":22}},"85":{"start":{"line":86,"column":0},"end":{"line":86,"column":33}},"86":{"start":{"line":87,"column":0},"end":{"line":87,"column":67}},"87":{"start":{"line":88,"column":0},"end":{"line":88,"column":34}},"88":{"start":{"line":89,"column":0},"end":{"line":89,"column":60}},"89":{"start":{"line":90,"column":0},"end":{"line":90,"column":50}},"90":{"start":{"line":91,"column":0},"end":{"line":91,"column":54}},"91":{"start":{"line":92,"column":0},"end":{"line":92,"column":24}},"92":{"start":{"line":93,"column":0},"end":{"line":93,"column":21}},"93":{"start":{"line":94,"column":0},"end":{"line":94,"column":23}},"94":{"start":{"line":95,"column":0},"end":{"line":95,"column":18}},"95":{"start":{"line":96,"column":0},"end":{"line":96,"column":16}},"96":{"start":{"line":97,"column":0},"end":{"line":97,"column":12}},"97":{"start":{"line":98,"column":0},"end":{"line":98,"column":14}},"98":{"start":{"line":99,"column":0},"end":{"line":99,"column":12}},"99":{"start":{"line":100,"column":0},"end":{"line":100,"column":7}},"100":{"start":{"line":101,"column":0},"end":{"line":101,"column":4}},"101":{"start":{"line":102,"column":0},"end":{"line":102,"column":2}},"102":{"start":{"line":103,"column":0},"end":{"line":103,"column":0}},"103":{"start":{"line":104,"column":0},"end":{"line":104,"column":27}}},"s":{"0":1,"1":1,"2":1,"3":1,"4":1,"5":1,"6":1,"7":1,"8":1,"9":1,"10":1,"11":1,"12":1,"13":1,"14":5,"15":5,"16":5,"17":5,"18":5,"19":5,"20":5,"21":5,"22":5,"23":5,"24":5,"25":5,"26":5,"27":0,"28":0,"29":5,"30":5,"31":5,"32":3,"33":5,"34":5,"35":5,"36":3,"37":3,"38":3,"39":3,"40":3,"41":3,"42":5,"43":5,"44":0,"45":0,"46":0,"47":0,"48":5,"49":5,"50":3,"51":3,"52":3,"53":5,"54":5,"55":3,"56":3,"57":5,"58":5,"59":5,"60":5,"61":5,"62":5,"63":5,"64":5,"65":5,"66":5,"67":5,"68":5,"69":5,"70":3,"71":2,"72":2,"73":2,"74":2,"75":2,"76":2,"77":5,"78":5,"79":5,"80":5,"81":5,"82":0,"83":0,"84":0,"85":0,"86":0,"87":0,"88":0,"89":0,"90":0,"91":0,"92":0,"93":0,"94":0,"95":0,"96":5,"97":5,"98":5,"99":5,"100":5,"101":5,"102":1,"103":1},"branchMap":{"0":{"type":"branch","line":14,"loc":{"start":{"line":14,"column":20},"end":{"line":102,"column":2}},"locations":[{"start":{"line":14,"column":20},"end":{"line":102,"column":2}}]},"1":{"type":"branch","line":70,"loc":{"start":{"line":70,"column":13},"end":{"line":71,"column":31}},"locations":[{"start":{"line":70,"column":13},"end":{"line":71,"column":31}}]},"2":{"type":"branch","line":71,"loc":{"start":{"line":71,"column":27},"end":{"line":77,"column":24}},"locations":[{"start":{"line":71,"column":27},"end":{"line":77,"column":24}}]},"3":{"type":"branch","line":82,"loc":{"start":{"line":82,"column":11},"end":{"line":82,"column":49}},"locations":[{"start":{"line":82,"column":11},"end":{"line":82,"column":49}}]},"4":{"type":"branch","line":82,"loc":{"start":{"line":82,"column":28},"end":{"line":96,"column":16}},"locations":[{"start":{"line":82,"column":28},"end":{"line":96,"column":16}}]},"5":{"type":"branch","line":32,"loc":{"start":{"line":32,"column":12},"end":{"line":34,"column":5}},"locations":[{"start":{"line":32,"column":12},"end":{"line":34,"column":5}}]},"6":{"type":"branch","line":36,"loc":{"start":{"line":36,"column":24},"end":{"line":42,"column":4}},"locations":[{"start":{"line":36,"column":24},"end":{"line":42,"column":4}}]},"7":{"type":"branch","line":50,"loc":{"start":{"line":50,"column":27},"end":{"line":53,"column":4}},"locations":[{"start":{"line":50,"column":27},"end":{"line":53,"column":4}}]},"8":{"type":"branch","line":55,"loc":{"start":{"line":55,"column":12},"end":{"line":58,"column":5}},"locations":[{"start":{"line":55,"column":12},"end":{"line":58,"column":5}}]},"9":{"type":"branch","line":56,"loc":{"start":{"line":56,"column":14},"end":{"line":56,"column":28}},"locations":[{"start":{"line":56,"column":14},"end":{"line":56,"column":28}}]}},"b":{"0":[5],"1":[3],"2":[2],"3":[0],"4":[0],"5":[3],"6":[3],"7":[3],"8":[3],"9":[0]},"fnMap":{"0":{"name":"LearnScreen","decl":{"start":{"line":14,"column":20},"end":{"line":102,"column":2}},"loc":{"start":{"line":14,"column":20},"end":{"line":102,"column":2}},"line":14},"1":{"name":"Review","decl":{"start":{"line":27,"column":17},"end":{"line":29,"column":4}},"loc":{"start":{"line":27,"column":17},"end":{"line":29,"column":4}},"line":27},"2":{"name":"getPlanetCall","decl":{"start":{"line":36,"column":24},"end":{"line":42,"column":4}},"loc":{"start":{"line":36,"column":24},"end":{"line":42,"column":4}},"line":36},"3":{"name":"showDetails","decl":{"start":{"line":44,"column":22},"end":{"line":48,"column":4}},"loc":{"start":{"line":44,"column":22},"end":{"line":48,"column":4}},"line":44},"4":{"name":"getAllAttributes","decl":{"start":{"line":50,"column":27},"end":{"line":53,"column":4}},"loc":{"start":{"line":50,"column":27},"end":{"line":53,"column":4}},"line":50},"5":{"name":"call_on_click","decl":{"start":{"line":76,"column":31},"end":{"line":76,"column":57}},"loc":{"start":{"line":76,"column":31},"end":{"line":76,"column":57}},"line":76}},"f":{"0":5,"1":0,"2":3,"3":0,"4":3,"5":0}}
,"C:\\00 Planets game\\PlanetGame\\planet_game\\src\\Pages\\QuestionScreen\\QuestionScreen.tsx": {"path":"C:\\00 Planets game\\PlanetGame\\planet_game\\src\\Pages\\QuestionScreen\\QuestionScreen.tsx","all":false,"statementMap":{"0":{"start":{"line":1,"column":0},"end":{"line":1,"column":31}},"1":{"start":{"line":2,"column":0},"end":{"line":2,"column":66}},"2":{"start":{"line":3,"column":0},"end":{"line":3,"column":52}},"3":{"start":{"line":4,"column":0},"end":{"line":4,"column":70}},"4":{"start":{"line":5,"column":0},"end":{"line":5,"column":70}},"5":{"start":{"line":6,"column":0},"end":{"line":6,"column":47}},"6":{"start":{"line":7,"column":0},"end":{"line":7,"column":44}},"7":{"start":{"line":8,"column":0},"end":{"line":8,"column":87}},"8":{"start":{"line":9,"column":0},"end":{"line":9,"column":71}},"9":{"start":{"line":10,"column":0},"end":{"line":10,"column":71}},"10":{"start":{"line":11,"column":0},"end":{"line":11,"column":0}},"11":{"start":{"line":12,"column":0},"end":{"line":12,"column":19}},"12":{"start":{"line":13,"column":0},"end":{"line":13,"column":69}},"13":{"start":{"line":14,"column":0},"end":{"line":14,"column":74}},"14":{"start":{"line":15,"column":0},"end":{"line":15,"column":60}},"15":{"start":{"line":16,"column":0},"end":{"line":16,"column":0}},"16":{"start":{"line":17,"column":0},"end":{"line":17,"column":30}},"17":{"start":{"line":18,"column":0},"end":{"line":18,"column":0}},"18":{"start":{"line":19,"column":0},"end":{"line":19,"column":22}},"19":{"start":{"line":20,"column":0},"end":{"line":20,"column":0}},"20":{"start":{"line":21,"column":0},"end":{"line":21,"column":33}},"21":{"start":{"line":22,"column":0},"end":{"line":22,"column":24}},"22":{"start":{"line":23,"column":0},"end":{"line":23,"column":24}},"23":{"start":{"line":24,"column":0},"end":{"line":24,"column":4}},"24":{"start":{"line":25,"column":0},"end":{"line":25,"column":22}},"25":{"start":{"line":26,"column":0},"end":{"line":26,"column":18}},"26":{"start":{"line":27,"column":0},"end":{"line":27,"column":4}},"27":{"start":{"line":28,"column":0},"end":{"line":28,"column":0}},"28":{"start":{"line":29,"column":0},"end":{"line":29,"column":16}},"29":{"start":{"line":30,"column":0},"end":{"line":30,"column":62}},"30":{"start":{"line":31,"column":0},"end":{"line":31,"column":57}},"31":{"start":{"line":32,"column":0},"end":{"line":32,"column":26}},"32":{"start":{"line":33,"column":0},"end":{"line":33,"column":19}},"33":{"start":{"line":34,"column":0},"end":{"line":34,"column":18}},"34":{"start":{"line":35,"column":0},"end":{"line":35,"column":58}},"35":{"start":{"line":36,"column":0},"end":{"line":36,"column":24}},"36":{"start":{"line":37,"column":0},"end":{"line":37,"column":4}},"37":{"start":{"line":38,"column":0},"end":{"line":38,"column":0}},"38":{"start":{"line":39,"column":0},"end":{"line":39,"column":46}},"39":{"start":{"line":40,"column":0},"end":{"line":40,"column":50}},"40":{"start":{"line":41,"column":0},"end":{"line":41,"column":15}},"41":{"start":{"line":42,"column":0},"end":{"line":42,"column":12}},"42":{"start":{"line":43,"column":0},"end":{"line":43,"column":37}},"43":{"start":{"line":44,"column":0},"end":{"line":44,"column":5}},"44":{"start":{"line":45,"column":0},"end":{"line":45,"column":4}},"45":{"start":{"line":46,"column":0},"end":{"line":46,"column":0}},"46":{"start":{"line":47,"column":0},"end":{"line":47,"column":45}},"47":{"start":{"line":48,"column":0},"end":{"line":48,"column":66}},"48":{"start":{"line":49,"column":0},"end":{"line":49,"column":24}},"49":{"start":{"line":50,"column":0},"end":{"line":50,"column":49}},"50":{"start":{"line":51,"column":0},"end":{"line":51,"column":21}},"51":{"start":{"line":52,"column":0},"end":{"line":52,"column":5}},"52":{"start":{"line":53,"column":0},"end":{"line":53,"column":14}},"53":{"start":{"line":54,"column":0},"end":{"line":54,"column":35}},"54":{"start":{"line":55,"column":0},"end":{"line":55,"column":33}},"55":{"start":{"line":56,"column":0},"end":{"line":56,"column":14}},"56":{"start":{"line":57,"column":0},"end":{"line":57,"column":13}},"57":{"start":{"line":58,"column":0},"end":{"line":58,"column":6}},"58":{"start":{"line":59,"column":0},"end":{"line":59,"column":36}},"59":{"start":{"line":60,"column":0},"end":{"line":60,"column":4}},"60":{"start":{"line":61,"column":0},"end":{"line":61,"column":0}},"61":{"start":{"line":62,"column":0},"end":{"line":62,"column":19}},"62":{"start":{"line":63,"column":0},"end":{"line":63,"column":37}},"63":{"start":{"line":64,"column":0},"end":{"line":64,"column":59}},"64":{"start":{"line":65,"column":0},"end":{"line":65,"column":9}},"65":{"start":{"line":66,"column":0},"end":{"line":66,"column":0}},"66":{"start":{"line":67,"column":0},"end":{"line":67,"column":72}},"67":{"start":{"line":68,"column":0},"end":{"line":68,"column":0}},"68":{"start":{"line":69,"column":0},"end":{"line":69,"column":10}},"69":{"start":{"line":70,"column":0},"end":{"line":70,"column":6}},"70":{"start":{"line":71,"column":0},"end":{"line":71,"column":11}},"71":{"start":{"line":72,"column":0},"end":{"line":72,"column":61}},"72":{"start":{"line":73,"column":0},"end":{"line":73,"column":52}},"73":{"start":{"line":74,"column":0},"end":{"line":74,"column":16}},"74":{"start":{"line":75,"column":0},"end":{"line":75,"column":25}},"75":{"start":{"line":76,"column":0},"end":{"line":76,"column":17}},"76":{"start":{"line":77,"column":0},"end":{"line":77,"column":15}},"77":{"start":{"line":78,"column":0},"end":{"line":78,"column":23}},"78":{"start":{"line":79,"column":0},"end":{"line":79,"column":24}},"79":{"start":{"line":80,"column":0},"end":{"line":80,"column":60}},"80":{"start":{"line":81,"column":0},"end":{"line":81,"column":15}},"81":{"start":{"line":82,"column":0},"end":{"line":82,"column":30}},"82":{"start":{"line":83,"column":0},"end":{"line":83,"column":16}},"83":{"start":{"line":84,"column":0},"end":{"line":84,"column":69}},"84":{"start":{"line":85,"column":0},"end":{"line":85,"column":32}},"85":{"start":{"line":86,"column":0},"end":{"line":86,"column":72}},"86":{"start":{"line":87,"column":0},"end":{"line":87,"column":33}},"87":{"start":{"line":88,"column":0},"end":{"line":88,"column":22}},"88":{"start":{"line":89,"column":0},"end":{"line":89,"column":21}},"89":{"start":{"line":90,"column":0},"end":{"line":90,"column":73}},"90":{"start":{"line":91,"column":0},"end":{"line":91,"column":30}},"91":{"start":{"line":92,"column":0},"end":{"line":92,"column":80}},"92":{"start":{"line":93,"column":0},"end":{"line":93,"column":29}},"93":{"start":{"line":94,"column":0},"end":{"line":94,"column":37}},"94":{"start":{"line":95,"column":0},"end":{"line":95,"column":21}},"95":{"start":{"line":96,"column":0},"end":{"line":96,"column":20}},"96":{"start":{"line":97,"column":0},"end":{"line":97,"column":22}},"97":{"start":{"line":98,"column":0},"end":{"line":98,"column":17}},"98":{"start":{"line":99,"column":0},"end":{"line":99,"column":13}},"99":{"start":{"line":100,"column":0},"end":{"line":100,"column":12}},"100":{"start":{"line":101,"column":0},"end":{"line":101,"column":24}},"101":{"start":{"line":102,"column":0},"end":{"line":102,"column":12}},"102":{"start":{"line":103,"column":0},"end":{"line":103,"column":7}},"103":{"start":{"line":104,"column":0},"end":{"line":104,"column":4}},"104":{"start":{"line":105,"column":0},"end":{"line":105,"column":2}},"105":{"start":{"line":106,"column":0},"end":{"line":106,"column":0}},"106":{"start":{"line":107,"column":0},"end":{"line":107,"column":19}}},"s":{"0":1,"1":1,"2":1,"3":1,"4":1,"5":1,"6":1,"7":1,"8":1,"9":1,"10":1,"11":1,"12":2,"13":2,"14":2,"15":2,"16":2,"17":2,"18":2,"19":2,"20":2,"21":2,"22":0,"23":0,"24":2,"25":0,"26":0,"27":2,"28":2,"29":2,"30":2,"31":0,"32":0,"33":0,"34":0,"35":0,"36":2,"37":2,"38":2,"39":0,"40":0,"41":0,"42":0,"43":0,"44":0,"45":2,"46":2,"47":0,"48":0,"49":0,"50":0,"51":0,"52":0,"53":0,"54":0,"55":0,"56":0,"57":0,"58":0,"59":0,"60":2,"61":2,"62":2,"63":2,"64":2,"65":2,"66":2,"67":2,"68":2,"69":2,"70":2,"71":2,"72":2,"73":2,"74":2,"75":2,"76":2,"77":2,"78":2,"79":2,"80":0,"81":0,"82":0,"83":0,"84":0,"85":0,"86":0,"87":0,"88":0,"89":0,"90":0,"91":0,"92":0,"93":0,"94":0,"95":0,"96":0,"97":0,"98":2,"99":2,"100":2,"101":2,"102":2,"103":2,"104":2,"105":1,"106":1},"branchMap":{"0":{"type":"branch","line":12,"loc":{"start":{"line":12,"column":12},"end":{"line":105,"column":2}},"locations":[{"start":{"line":12,"column":12},"end":{"line":105,"column":2}}]},"1":{"type":"branch","line":80,"loc":{"start":{"line":80,"column":45},"end":{"line":98,"column":17}},"locations":[{"start":{"line":80,"column":45},"end":{"line":98,"column":17}}]},"2":{"type":"branch","line":30,"loc":{"start":{"line":30,"column":24},"end":{"line":37,"column":4}},"locations":[{"start":{"line":30,"column":24},"end":{"line":37,"column":4}}]},"3":{"type":"branch","line":31,"loc":{"start":{"line":31,"column":55},"end":{"line":36,"column":24}},"locations":[{"start":{"line":31,"column":55},"end":{"line":36,"column":24}}]},"4":{"type":"branch","line":62,"loc":{"start":{"line":62,"column":12},"end":{"line":65,"column":5}},"locations":[{"start":{"line":62,"column":12},"end":{"line":65,"column":5}}]}},"b":{"0":[2],"1":[0],"2":[2],"3":[0],"4":[2]},"fnMap":{"0":{"name":"App","decl":{"start":{"line":12,"column":12},"end":{"line":105,"column":2}},"loc":{"start":{"line":12,"column":12},"end":{"line":105,"column":2}},"line":12},"1":{"name":"Review","decl":{"start":{"line":22,"column":17},"end":{"line":24,"column":4}},"loc":{"start":{"line":22,"column":17},"end":{"line":24,"column":4}},"line":22},"2":{"name":"Home","decl":{"start":{"line":25,"column":15},"end":{"line":27,"column":4}},"loc":{"start":{"line":25,"column":15},"end":{"line":27,"column":4}},"line":25},"3":{"name":"loadQuestions","decl":{"start":{"line":30,"column":24},"end":{"line":37,"column":4}},"loc":{"start":{"line":30,"column":24},"end":{"line":37,"column":4}},"line":30},"4":{"name":"newQuestion","decl":{"start":{"line":39,"column":22},"end":{"line":45,"column":4}},"loc":{"start":{"line":39,"column":22},"end":{"line":45,"column":4}},"line":39},"5":{"name":"checkCorrect","decl":{"start":{"line":47,"column":23},"end":{"line":60,"column":4}},"loc":{"start":{"line":47,"column":23},"end":{"line":60,"column":4}},"line":47}},"f":{"0":2,"1":0,"2":0,"3":2,"4":0,"5":0}}
,"C:\\00 Planets game\\PlanetGame\\planet_game\\src\\Pages\\ReviewScreen\\ReviewHandler.ts": {"path":"C:\\00 Planets game\\PlanetGame\\planet_game\\src\\Pages\\ReviewScreen\\ReviewHandler.ts","all":false,"statementMap":{"0":{"start":{"line":1,"column":0},"end":{"line":1,"column":38}},"1":{"start":{"line":2,"column":0},"end":{"line":2,"column":0}},"2":{"start":{"line":3,"column":0},"end":{"line":3,"column":68}},"3":{"start":{"line":4,"column":0},"end":{"line":4,"column":37}},"4":{"start":{"line":5,"column":0},"end":{"line":5,"column":0}},"5":{"start":{"line":6,"column":0},"end":{"line":6,"column":19}},"6":{"start":{"line":7,"column":0},"end":{"line":7,"column":19}},"7":{"start":{"line":8,"column":0},"end":{"line":8,"column":17}},"8":{"start":{"line":9,"column":0},"end":{"line":9,"column":25}},"9":{"start":{"line":10,"column":0},"end":{"line":10,"column":18}},"10":{"start":{"line":11,"column":0},"end":{"line":11,"column":6}},"11":{"start":{"line":12,"column":0},"end":{"line":12,"column":25}},"12":{"start":{"line":13,"column":0},"end":{"line":13,"column":27}},"13":{"start":{"line":14,"column":0},"end":{"line":14,"column":23}},"14":{"start":{"line":15,"column":0},"end":{"line":15,"column":35}},"15":{"start":{"line":16,"column":0},"end":{"line":16,"column":21}},"16":{"start":{"line":17,"column":0},"end":{"line":17,"column":4}},"17":{"start":{"line":18,"column":0},"end":{"line":18,"column":22}},"18":{"start":{"line":19,"column":0},"end":{"line":19,"column":2}},"19":{"start":{"line":20,"column":0},"end":{"line":20,"column":0}},"20":{"start":{"line":21,"column":0},"end":{"line":21,"column":25}},"21":{"start":{"line":22,"column":0},"end":{"line":22,"column":22}},"22":{"start":{"line":23,"column":0},"end":{"line":23,"column":1}},"23":{"start":{"line":24,"column":0},"end":{"line":24,"column":0}},"24":{"start":{"line":25,"column":0},"end":{"line":25,"column":27}},"25":{"start":{"line":26,"column":0},"end":{"line":26,"column":27}},"26":{"start":{"line":27,"column":0},"end":{"line":27,"column":1}},"27":{"start":{"line":28,"column":0},"end":{"line":28,"column":0}},"28":{"start":{"line":29,"column":0},"end":{"line":29,"column":43}}},"s":{"0":1,"1":1,"2":1,"3":1,"4":1,"5":1,"6":0,"7":0,"8":0,"9":0,"10":0,"11":0,"12":0,"13":0,"14":0,"15":0,"16":0,"17":0,"18":0,"19":1,"20":1,"21":0,"22":0,"23":1,"24":1,"25":0,"26":0,"27":1,"28":1},"branchMap":{},"b":{},"fnMap":{"0":{"name":"addReview","decl":{"start":{"line":6,"column":18},"end":{"line":19,"column":2}},"loc":{"start":{"line":6,"column":18},"end":{"line":19,"column":2}},"line":6},"1":{"name":"getReview","decl":{"start":{"line":21,"column":18},"end":{"line":23,"column":1}},"loc":{"start":{"line":21,"column":18},"end":{"line":23,"column":1}},"line":21},"2":{"name":"clearReview","decl":{"start":{"line":25,"column":20},"end":{"line":27,"column":1}},"loc":{"start":{"line":25,"column":20},"end":{"line":27,"column":1}},"line":25}},"f":{"0":0,"1":0,"2":0}}
}
